[15:52:22][INFO] (main) nuke.bot.bot.NukeBot - Loaded config.
[15:52:22][INFO] (main) nuke.bot.bot.NukeBot - Starting sharded bot...
[15:52:22][INFO] (main) nuke.bot.bot.NukeBot - Starting shard #0...
[15:52:23][INFO] (main) net.dv8tion.jda.core.JDA - Login Successful!
[15:52:24][INFO] (main) nuke.bot.bot.NukeBot - Starting shard #1...
[15:52:24][INFO] (JDA [0 / 2] MainWS-ReadThread) net.dv8tion.jda.core.requests.WebSocketClient - Connected to WebSocket
[15:52:24][INFO] (main) net.dv8tion.jda.core.JDA - Login Successful!
[15:52:25][INFO] (JDA [0 / 2] MainWS-ReadThread) net.dv8tion.jda.core.JDA - Finished Loading!
[15:52:25][INFO] (JDA [1 / 2] MainWS-ReadThread) net.dv8tion.jda.core.requests.WebSocketClient - Connected to WebSocket
[15:52:30][ERROR] (JDA [1 / 2] MainWS-ReadThread) net.dv8tion.jda.core.requests.WebSocketClient - Encountered IDENTIFY (OP 2) Rate Limit! Waiting 5 seconds before trying again!
[15:52:35][WARN] (JDA [1 / 2] MainWS-ReadThread) net.dv8tion.jda.core.requests.WebSocketClient - Attempting to reconnect!
[15:52:35][INFO] (JDA [1 / 2] MainWS-ReadThread) net.dv8tion.jda.core.requests.WebSocketClient - Connected to WebSocket
[15:52:36][INFO] (JDA [1 / 2] MainWS-ReadThread) net.dv8tion.jda.core.JDA - Finished Loading!
[15:52:38][INFO] (JDA [1 / 2] MainWS-ReadThread) nuke.bot.bot.NukeBot - Shutting down shard #0...
[15:52:38][INFO] (JDA [1 / 2] MainWS-ReadThread) nuke.bot.bot.NukeBot - Shutting down shard #1...
[15:52:38][INFO] (JDA [1 / 2] MainWS-ReadThread) nuke.bot.bot.NukeBot - Saved config.
[15:53:23][INFO] (main) nuke.bot.bot.NukeBot - Loaded config.
[15:53:23][INFO] (main) nuke.bot.bot.NukeBot - Starting sharded bot...
[15:53:23][INFO] (main) nuke.bot.bot.NukeBot - Starting shard #0...
[15:53:24][INFO] (main) net.dv8tion.jda.core.JDA - Login Successful!
[15:53:25][INFO] (main) nuke.bot.bot.NukeBot - Starting shard #1...
[15:53:25][INFO] (JDA [0 / 2] MainWS-ReadThread) net.dv8tion.jda.core.requests.WebSocketClient - Connected to WebSocket
[15:53:25][INFO] (main) net.dv8tion.jda.core.JDA - Login Successful!
[15:53:25][INFO] (JDA [0 / 2] MainWS-ReadThread) net.dv8tion.jda.core.JDA - Finished Loading!
[15:53:26][INFO] (JDA [1 / 2] MainWS-ReadThread) net.dv8tion.jda.core.requests.WebSocketClient - Connected to WebSocket
[15:53:30][ERROR] (JDA [1 / 2] MainWS-ReadThread) net.dv8tion.jda.core.requests.WebSocketClient - Encountered IDENTIFY (OP 2) Rate Limit! Waiting 5 seconds before trying again!
[15:53:35][WARN] (JDA [1 / 2] MainWS-ReadThread) net.dv8tion.jda.core.requests.WebSocketClient - Attempting to reconnect!
[15:53:36][INFO] (JDA [1 / 2] MainWS-WriteThread) net.dv8tion.jda.core.requests.WebSocketClient - Connected to WebSocket
[15:53:37][INFO] (JDA [1 / 2] MainWS-ReadThread) net.dv8tion.jda.core.JDA - Finished Loading!
[15:54:01][INFO] (JDA [1 / 2] MainWS-ReadThread) nuke.bot.bot.NukeBot - Shutting down shard #0...
[15:54:01][INFO] (JDA [1 / 2] MainWS-ReadThread) nuke.bot.bot.NukeBot - Shutting down shard #1...
[15:54:01][INFO] (JDA [1 / 2] MainWS-ReadThread) nuke.bot.bot.NukeBot - Saved config.
[16:01:33][INFO] (main) nuke.discord.bot.NukeBot - Loaded config.
[16:01:33][INFO] (main) nuke.discord.bot.NukeBot - Starting sharded bot...
[16:01:33][INFO] (main) nuke.discord.bot.NukeBot - Starting shard #0...
[16:01:35][INFO] (main) net.dv8tion.jda.core.JDA - Login Successful!
[16:01:35][INFO] (main) nuke.discord.bot.NukeBot - Starting shard #1...
[16:01:35][INFO] (JDA [0 / 2] MainWS-ReadThread) net.dv8tion.jda.core.requests.WebSocketClient - Connected to WebSocket
[16:01:35][INFO] (main) net.dv8tion.jda.core.JDA - Login Successful!
[16:01:35][INFO] (JDA [0 / 2] MainWS-ReadThread) net.dv8tion.jda.core.JDA - Finished Loading!
[16:01:36][INFO] (JDA [1 / 2] MainWS-ReadThread) net.dv8tion.jda.core.requests.WebSocketClient - Connected to WebSocket
[16:01:41][ERROR] (JDA [1 / 2] MainWS-ReadThread) net.dv8tion.jda.core.requests.WebSocketClient - Encountered IDENTIFY (OP 2) Rate Limit! Waiting 5 seconds before trying again!
[16:01:46][WARN] (JDA [1 / 2] MainWS-ReadThread) net.dv8tion.jda.core.requests.WebSocketClient - Attempting to reconnect!
[16:01:46][INFO] (JDA [1 / 2] MainWS-WriteThread) net.dv8tion.jda.core.requests.WebSocketClient - Connected to WebSocket
[16:01:47][INFO] (JDA [1 / 2] MainWS-ReadThread) net.dv8tion.jda.core.JDA - Finished Loading!
[16:01:51][INFO] (JDA [1 / 2] MainWS-ReadThread) nuke.discord.bot.NukeBot - Shutting down shard #0...
[16:01:51][INFO] (JDA [1 / 2] MainWS-ReadThread) nuke.discord.bot.NukeBot - Shutting down shard #1...
[16:01:51][INFO] (JDA [1 / 2] MainWS-ReadThread) nuke.discord.bot.NukeBot - Saved config.
